c:\matt_sue\apps\sue\apps\sue\debug\vc120.pdb
c:\matt_sue\apps\sue\apps\sue\debug\vc120.idb
c:\matt_sue\apps\sue\apps\sue\debug\action_lexer.obj
c:\matt_sue\apps\sue\apps\sue\debug\myparser.obj
c:\matt_sue\apps\sue\apps\sue\debug\parser_impl.obj
c:\matt_sue\apps\sue\apps\sue\debug\parse_action.obj
c:\matt_sue\apps\sue\apps\sue\debug\percentileboundsaction.obj
c:\matt_sue\apps\sue\apps\sue\debug\process_cmd_line.obj
c:\matt_sue\apps\sue\apps\sue\debug\proginfo.obj
c:\matt_sue\apps\sue\apps\sue\debug\prog_parms.obj
c:\matt_sue\apps\sue\apps\sue\debug\rankcorrelateaction.obj
c:\matt_sue\apps\sue\apps\sue\debug\rankcorrelationaction.obj
c:\matt_sue\apps\sue\apps\sue\debug\regressionaction.obj
c:\matt_sue\apps\sue\apps\sue\debug\regressionpercentilesaction.obj
c:\matt_sue\apps\sue\apps\sue\debug\standarddeviationaction.obj
c:\matt_sue\apps\sue\apps\sue\debug\triangular.obj
c:\matt_sue\apps\sue\apps\sue\debug\triangularaction.obj
c:\matt_sue\apps\sue\apps\sue\debug\uniform.obj
c:\matt_sue\apps\sue\apps\sue\debug\uniformaction.obj
c:\matt_sue\apps\sue\apps\sue\debug\valstocsvaction.obj
c:\matt_sue\apps\sue\apps\sue\debug\vectorops.obj
c:\matt_sue\apps\sue\apps\sue\debug\version.obj
c:\matt_sue\apps\sue\apps\sue\debug\action.obj
c:\matt_sue\apps\sue\apps\sue\debug\assignfromequationaction.obj
c:\matt_sue\apps\sue\apps\sue\debug\builddate.obj
c:\matt_sue\apps\sue\apps\sue\debug\command.obj
c:\matt_sue\apps\sue\apps\sue\debug\command_code.obj
c:\matt_sue\apps\sue\apps\sue\debug\computationengine.obj
c:\matt_sue\apps\sue\apps\sue\debug\correlationaction.obj
c:\matt_sue\apps\sue\apps\sue\debug\disttyp.obj
c:\matt_sue\apps\sue\apps\sue\debug\execute_cmd_seq.obj
c:\matt_sue\apps\sue\apps\sue\debug\histogramaction.obj
c:\matt_sue\apps\sue\apps\sue\debug\meanaction.obj
c:\matt_sue\apps\sue\apps\sue\debug\medianaction.obj
c:\matt_sue\apps\sue\apps\sue\debug\negexp.obj
c:\matt_sue\apps\sue\apps\sue\debug\negexpaction.obj
c:\matt_sue\apps\sue\apps\sue\debug\normal.obj
c:\matt_sue\apps\sue\apps\sue\debug\normalaction.obj
c:\matt_sue\apps\sue\apps\sue\debug\normalbivariatesaction.obj
c:\matt_sue\apps\sue\apps\sue\parser\error_mesgs.c
c:\matt_sue\apps\sue\apps\sue\parser\error_states.c
c:\matt_sue\apps\sue\apps\sue\debug\sue.tlog\cl.command.1.tlog
c:\matt_sue\apps\sue\apps\sue\debug\sue.tlog\cl.read.1.tlog
c:\matt_sue\apps\sue\apps\sue\debug\sue.tlog\cl.write.1.tlog
c:\matt_sue\apps\sue\apps\sue\debug\sue.tlog\custombuild.command.1.tlog
c:\matt_sue\apps\sue\apps\sue\debug\sue.tlog\custombuild.read.1.tlog
c:\matt_sue\apps\sue\apps\sue\debug\sue.tlog\custombuild.write.1.tlog
